0 verbose cli /usr/local/Cellar/node@22/22.12.0/bin/node /usr/local/opt/node@22/bin/npm
1 info using npm@10.9.0
2 info using node@v22.12.0
3 silly config load:file:/usr/local/Cellar/node@22/22.12.0/lib/node_modules/npm/npmrc
4 silly config load:file:/Users/awownysz/repos/personal_projects/ai-sports-travel-planner/frontend/.npmrc
5 silly config load:file:/Users/awownysz/.npmrc
6 silly config load:file:/usr/local/etc/npmrc
7 verbose title npm install
8 verbose argv "install" "--registry" "https://registry.npmjs.org/"
9 verbose logfile logs-max:10 dir:/Users/awownysz/repos/personal_projects/ai-sports-travel-planner/frontend/.npm-cache/_logs/2026-04-09T23_55_50_827Z-
10 verbose logfile /Users/awownysz/repos/personal_projects/ai-sports-travel-planner/frontend/.npm-cache/_logs/2026-04-09T23_55_50_827Z-debug-0.log
11 silly logfile done cleaning log files
12 silly packumentCache heap:4345298944 maxSize:1086324736 maxEntrySize:543162368
13 silly idealTree buildDeps
14 silly fetch manifest @playwright/test@^1.52.0
15 silly packumentCache full:https://registry.npmjs.org/@playwright%2ftest cache-miss
16 verbose shrinkwrap failed to load node_modules/.package-lock.json out of date, updated: node_modules
17 http fetch GET 200 https://registry.npmjs.org/npm 263ms
18 http fetch GET 200 https://registry.npmjs.org/@playwright%2ftest 367ms (cache miss)
19 silly packumentCache full:https://registry.npmjs.org/@playwright%2ftest set size:undefined disposed:false
20 silly placeDep ROOT @playwright/test@1.59.1 OK for: ai-sports-travel-planner-frontend@0.1.0 want: ^1.52.0
21 silly fetch manifest playwright@1.59.1
22 silly packumentCache full:https://registry.npmjs.org/playwright cache-miss
23 http fetch GET 200 https://registry.npmjs.org/playwright 383ms (cache miss)
24 silly packumentCache full:https://registry.npmjs.org/playwright set size:undefined disposed:false
25 silly placeDep ROOT playwright@1.59.1 OK for: @playwright/test@1.59.1 want: 1.59.1
26 silly fetch manifest playwright-core@1.59.1
27 silly packumentCache full:https://registry.npmjs.org/playwright-core cache-miss
28 silly fetch manifest fsevents@2.3.2
29 silly packumentCache full:https://registry.npmjs.org/fsevents cache-miss
30 http fetch GET 200 https://registry.npmjs.org/fsevents 42ms (cache miss)
31 silly packumentCache full:https://registry.npmjs.org/fsevents set size:undefined disposed:false
32 http fetch GET 200 https://registry.npmjs.org/playwright-core 375ms (cache miss)
33 silly packumentCache full:https://registry.npmjs.org/playwright-core set size:undefined disposed:false
34 silly placeDep node_modules/playwright fsevents@2.3.2 OK for: playwright@1.59.1 want: 2.3.2
35 silly placeDep ROOT playwright-core@1.59.1 OK for: playwright@1.59.1 want: 1.59.1
36 silly reify moves {}
37 silly audit bulk request {
37 silly audit   '@adobe/css-tools': [ '4.4.4' ],
37 silly audit   '@alloc/quick-lru': [ '5.2.0' ],
37 silly audit   '@asamuzakjp/css-color': [ '3.2.0' ],
37 silly audit   'lru-cache': [ '10.4.3', '5.1.1' ],
37 silly audit   '@babel/code-frame': [ '7.29.0' ],
37 silly audit   '@babel/compat-data': [ '7.29.0' ],
37 silly audit   '@babel/core': [ '7.29.0' ],
37 silly audit   '@babel/generator': [ '7.29.1' ],
37 silly audit   '@babel/helper-compilation-targets': [ '7.28.6' ],
37 silly audit   '@babel/helper-globals': [ '7.28.0' ],
37 silly audit   '@babel/helper-module-imports': [ '7.28.6' ],
37 silly audit   '@babel/helper-module-transforms': [ '7.28.6' ],
37 silly audit   '@babel/helper-plugin-utils': [ '7.28.6' ],
37 silly audit   '@babel/helper-string-parser': [ '7.27.1' ],
37 silly audit   '@babel/helper-validator-identifier': [ '7.28.5' ],
37 silly audit   '@babel/helper-validator-option': [ '7.27.1' ],
37 silly audit   '@babel/helpers': [ '7.29.2' ],
37 silly audit   '@babel/parser': [ '7.29.2' ],
37 silly audit   '@babel/plugin-transform-react-jsx-self': [ '7.27.1' ],
37 silly audit   '@babel/plugin-transform-react-jsx-source': [ '7.27.1' ],
37 silly audit   '@babel/runtime': [ '7.29.2' ],
37 silly audit   '@babel/template': [ '7.28.6' ],
37 silly audit   '@babel/traverse': [ '7.29.0' ],
37 silly audit   '@babel/types': [ '7.29.0' ],
37 silly audit   '@csstools/color-helpers': [ '5.1.0' ],
37 silly audit   '@csstools/css-calc': [ '2.1.4' ],
37 silly audit   '@csstools/css-color-parser': [ '3.1.0' ],
37 silly audit   '@csstools/css-parser-algorithms': [ '3.0.5' ],
37 silly audit   '@csstools/css-tokenizer': [ '3.0.4' ],
37 silly audit   '@esbuild/aix-ppc64': [ '0.25.12', '0.21.5' ],
37 silly audit   '@esbuild/android-arm': [ '0.25.12', '0.21.5' ],
37 silly audit   '@esbuild/android-arm64': [ '0.25.12', '0.21.5' ],
37 silly audit   '@esbuild/android-x64': [ '0.25.12', '0.21.5' ],
37 silly audit   '@esbuild/darwin-arm64': [ '0.25.12', '0.21.5' ],
37 silly audit   '@esbuild/darwin-x64': [ '0.25.12', '0.21.5' ],
37 silly audit   '@esbuild/freebsd-arm64': [ '0.25.12', '0.21.5' ],
37 silly audit   '@esbuild/freebsd-x64': [ '0.25.12', '0.21.5' ],
37 silly audit   '@esbuild/linux-arm': [ '0.25.12', '0.21.5' ],
37 silly audit   '@esbuild/linux-arm64': [ '0.25.12', '0.21.5' ],
37 silly audit   '@esbuild/linux-ia32': [ '0.25.12', '0.21.5' ],
37 silly audit   '@esbuild/linux-loong64': [ '0.25.12', '0.21.5' ],
37 silly audit   '@esbuild/linux-mips64el': [ '0.25.12', '0.21.5' ],
37 silly audit   '@esbuild/linux-ppc64': [ '0.25.12', '0.21.5' ],
37 silly audit   '@esbuild/linux-riscv64': [ '0.25.12', '0.21.5' ],
37 silly audit   '@esbuild/linux-s390x': [ '0.25.12', '0.21.5' ],
37 silly audit   '@esbuild/linux-x64': [ '0.25.12', '0.21.5' ],
37 silly audit   '@esbuild/netbsd-arm64': [ '0.25.12' ],
37 silly audit   '@esbuild/netbsd-x64': [ '0.25.12', '0.21.5' ],
37 silly audit   '@esbuild/openbsd-arm64': [ '0.25.12' ],
37 silly audit   '@esbuild/openbsd-x64': [ '0.25.12', '0.21.5' ],
37 silly audit   '@esbuild/openharmony-arm64': [ '0.25.12' ],
37 silly audit   '@esbuild/sunos-x64': [ '0.25.12', '0.21.5' ],
37 silly audit   '@esbuild/win32-arm64': [ '0.25.12', '0.21.5' ],
37 silly audit   '@esbuild/win32-ia32': [ '0.25.12', '0.21.5' ],
37 silly audit   '@esbuild/win32-x64': [ '0.25.12', '0.21.5' ],
37 silly audit   '@jridgewell/gen-mapping': [ '0.3.13' ],
37 silly audit   '@jridgewell/remapping': [ '2.3.5' ],
37 silly audit   '@jridgewell/resolve-uri': [ '3.1.2' ],
37 silly audit   '@jridgewell/sourcemap-codec': [ '1.5.5' ],
37 silly audit   '@jridgewell/trace-mapping': [ '0.3.31' ],
37 silly audit   '@nodelib/fs.scandir': [ '2.1.5' ],
37 silly audit   '@nodelib/fs.stat': [ '2.0.5' ],
37 silly audit   '@nodelib/fs.walk': [ '1.2.8' ],
37 silly audit   '@rolldown/pluginutils': [ '1.0.0-beta.27' ],
37 silly audit   '@rollup/rollup-android-arm-eabi': [ '4.60.1' ],
37 silly audit   '@rollup/rollup-android-arm64': [ '4.60.1' ],
37 silly audit   '@rollup/rollup-darwin-arm64': [ '4.60.1' ],
37 silly audit   '@rollup/rollup-darwin-x64': [ '4.60.1' ],
37 silly audit   '@rollup/rollup-freebsd-arm64': [ '4.60.1' ],
37 silly audit   '@rollup/rollup-freebsd-x64': [ '4.60.1' ],
37 silly audit   '@rollup/rollup-linux-arm-gnueabihf': [ '4.60.1' ],
37 silly audit   '@rollup/rollup-linux-arm-musleabihf': [ '4.60.1' ],
37 silly audit   '@rollup/rollup-linux-arm64-gnu': [ '4.60.1' ],
37 silly audit   '@rollup/rollup-linux-arm64-musl': [ '4.60.1' ],
37 silly audit   '@rollup/rollup-linux-loong64-gnu': [ '4.60.1' ],
37 silly audit   '@rollup/rollup-linux-loong64-musl': [ '4.60.1' ],
37 silly audit   '@rollup/rollup-linux-ppc64-gnu': [ '4.60.1' ],
37 silly audit   '@rollup/rollup-linux-ppc64-musl': [ '4.60.1' ],
37 silly audit   '@rollup/rollup-linux-riscv64-gnu': [ '4.60.1' ],
37 silly audit   '@rollup/rollup-linux-riscv64-musl': [ '4.60.1' ],
37 silly audit   '@rollup/rollup-linux-s390x-gnu': [ '4.60.1' ],
37 silly audit   '@rollup/rollup-linux-x64-gnu': [ '4.60.1' ],
37 silly audit   '@rollup/rollup-linux-x64-musl': [ '4.60.1' ],
37 silly audit   '@rollup/rollup-openbsd-x64': [ '4.60.1' ],
37 silly audit   '@rollup/rollup-openharmony-arm64': [ '4.60.1' ],
37 silly audit   '@rollup/rollup-win32-arm64-msvc': [ '4.60.1' ],
37 silly audit   '@rollup/rollup-win32-ia32-msvc': [ '4.60.1' ],
37 silly audit   '@rollup/rollup-win32-x64-gnu': [ '4.60.1' ],
37 silly audit   '@rollup/rollup-win32-x64-msvc': [ '4.60.1' ],
37 silly audit   '@testing-library/dom': [ '10.4.1' ],
37 silly audit   '@testing-library/jest-dom': [ '6.9.1' ],
37 silly audit   'dom-accessibility-api': [ '0.6.3', '0.5.16' ],
37 silly audit   '@testing-library/react': [ '16.3.2' ],
37 silly audit   '@testing-library/user-event': [ '14.6.1' ],
37 silly audit   '@types/aria-query': [ '5.0.4' ],
37 silly audit   '@types/babel__core': [ '7.20.5' ],
37 silly audit   '@types/babel__generator': [ '7.27.0' ],
37 silly audit   '@types/babel__template': [ '7.4.4' ],
37 silly audit   '@types/babel__traverse': [ '7.28.0' ],
37 silly audit   '@types/estree': [ '1.0.8' ],
37 silly audit   '@types/prop-types': [ '15.7.15' ],
37 silly audit   '@types/react': [ '18.3.28' ],
37 silly audit   '@types/react-dom': [ '18.3.7' ],
37 silly audit   '@vitejs/plugin-react': [ '4.7.0' ],
37 silly audit   '@vitest/expect': [ '2.1.9' ],
37 silly audit   '@vitest/pretty-format': [ '2.1.9' ],
37 silly audit   '@vitest/runner': [ '2.1.9' ],
37 silly audit   '@vitest/snapshot': [ '2.1.9' ],
37 silly audit   '@vitest/spy': [ '2.1.9' ],
37 silly audit   '@vitest/utils': [ '2.1.9' ],
37 silly audit   'agent-base': [ '7.1.4' ],
37 silly audit   'ansi-regex': [ '5.0.1' ],
37 silly audit   'ansi-styles': [ '5.2.0' ],
37 silly audit   'any-promise': [ '1.3.0' ],
37 silly audit   anymatch: [ '3.1.3' ],
37 silly audit   arg: [ '5.0.2' ],
37 silly audit   'aria-query': [ '5.3.0' ],
37 silly audit   'assertion-error': [ '2.0.1' ],
37 silly audit   asynckit: [ '0.4.0' ],
37 silly audit   autoprefixer: [ '10.4.27' ],
37 silly audit   'baseline-browser-mapping': [ '2.10.14' ],
37 silly audit   'binary-extensions': [ '2.3.0' ],
37 silly audit   braces: [ '3.0.3' ],
37 silly audit   browserslist: [ '4.28.2' ],
37 silly audit   cac: [ '6.7.14' ],
37 silly audit   'call-bind-apply-helpers': [ '1.0.2' ],
37 silly audit   'camelcase-css': [ '2.0.1' ],
37 silly audit   'caniuse-lite': [ '1.0.30001785' ],
37 silly audit   chai: [ '5.3.3' ],
37 silly audit   'check-error': [ '2.1.3' ],
37 silly audit   chokidar: [ '3.6.0' ],
37 silly audit   'glob-parent': [ '5.1.2', '6.0.2' ],
37 silly audit   'combined-stream': [ '1.0.8' ],
37 silly audit   commander: [ '4.1.1' ],
37 silly audit   'convert-source-map': [ '2.0.0' ],
37 silly audit   'css.escape': [ '1.5.1' ],
37 silly audit   cssesc: [ '3.0.0' ],
37 silly audit   cssstyle: [ '4.6.0' ],
37 silly audit   'rrweb-cssom': [ '0.8.0', '0.7.1' ],
37 silly audit   csstype: [ '3.2.3' ],
37 silly audit   'data-urls': [ '5.0.0' ],
37 silly audit   debug: [ '4.4.3' ],
37 silly audit   'decimal.js': [ '10.6.0' ],
37 silly audit   'deep-eql': [ '5.0.2' ],
37 silly audit   'delayed-stream': [ '1.0.0' ],
37 silly audit   dequal: [ '2.0.3' ],
37 silly audit   didyoumean: [ '1.2.2' ],
37 silly audit   dlv: [ '1.1.3' ],
37 silly audit   'dunder-proto': [ '1.0.1' ],
37 silly audit   'electron-to-chromium': [ '1.5.331' ],
37 silly audit   entities: [ '6.0.1' ],
37 silly audit   'es-define-property': [ '1.0.1' ],
37 silly audit   'es-errors': [ '1.3.0' ],
37 silly audit   'es-module-lexer': [ '1.7.0' ],
37 silly audit   'es-object-atoms': [ '1.1.1' ],
37 silly audit   'es-set-tostringtag': [ '2.1.0' ],
37 silly audit   esbuild: [ '0.25.12', '0.21.5' ],
37 silly audit   escalade: [ '3.2.0' ],
37 silly audit   'estree-walker': [ '3.0.3' ],
37 silly audit   'expect-type': [ '1.3.0' ],
37 silly audit   'fast-glob': [ '3.3.3' ],
37 silly audit   fastq: [ '1.20.1' ],
37 silly audit   'fill-range': [ '7.1.1' ],
37 silly audit   'form-data': [ '4.0.5' ],
37 silly audit   'fraction.js': [ '5.3.4' ],
37 silly audit   fsevents: [ '2.3.3', '2.3.2' ],
37 silly audit   'function-bind': [ '1.1.2' ],
37 silly audit   gensync: [ '1.0.0-beta.2' ],
37 silly audit   'get-intrinsic': [ '1.3.0' ],
37 silly audit   'get-proto': [ '1.0.1' ],
37 silly audit   gopd: [ '1.2.0' ],
37 silly audit   'has-symbols': [ '1.1.0' ],
37 silly audit   'has-tostringtag': [ '1.0.2' ],
37 silly audit   hasown: [ '2.0.2' ],
37 silly audit   'html-encoding-sniffer': [ '4.0.0' ],
37 silly audit   'http-proxy-agent': [ '7.0.2' ],
37 silly audit   'https-proxy-agent': [ '7.0.6' ],
37 silly audit   'iconv-lite': [ '0.6.3' ],
37 silly audit   'indent-string': [ '4.0.0' ],
37 silly audit   'is-binary-path': [ '2.1.0' ],
37 silly audit   'is-core-module': [ '2.16.1' ],
37 silly audit   'is-extglob': [ '2.1.1' ],
37 silly audit   'is-glob': [ '4.0.3' ],
37 silly audit   'is-number': [ '7.0.0' ],
37 silly audit   'is-potential-custom-element-name': [ '1.0.1' ],
37 silly audit   jiti: [ '1.21.7' ],
37 silly audit   'js-tokens': [ '4.0.0' ],
37 silly audit   jsdom: [ '25.0.1' ],
37 silly audit   jsesc: [ '3.1.0' ],
37 silly audit   json5: [ '2.2.3' ],
37 silly audit   lilconfig: [ '3.1.3' ],
37 silly audit   'lines-and-columns': [ '1.2.4' ],
37 silly audit   'loose-envify': [ '1.4.0' ],
37 silly audit   loupe: [ '3.2.1' ],
37 silly audit   'lz-string': [ '1.5.0' ],
37 silly audit   'magic-string': [ '0.30.21' ],
37 silly audit   'math-intrinsics': [ '1.1.0' ],
37 silly audit   merge2: [ '1.4.1' ],
37 silly audit   micromatch: [ '4.0.8' ],
37 silly audit   'mime-db': [ '1.52.0' ],
37 silly audit   'mime-types': [ '2.1.35' ],
37 silly audit   'min-indent': [ '1.0.1' ],
37 silly audit   ms: [ '2.1.3' ],
37 silly audit   mz: [ '2.7.0' ],
37 silly audit   nanoid: [ '3.3.11' ],
37 silly audit   'node-releases': [ '2.0.37' ],
37 silly audit   'normalize-path': [ '3.0.0' ],
37 silly audit   nwsapi: [ '2.2.23' ],
37 silly audit   'object-assign': [ '4.1.1' ],
37 silly audit   'object-hash': [ '3.0.0' ],
37 silly audit   parse5: [ '7.3.0' ],
37 silly audit   'path-parse': [ '1.0.7' ],
37 silly audit   pathe: [ '1.1.2' ],
37 silly audit   pathval: [ '2.0.1' ],
37 silly audit   picocolors: [ '1.1.1' ],
37 silly audit   picomatch: [ '2.3.2', '4.0.4' ],
37 silly audit   pify: [ '2.3.0' ],
37 silly audit   pirates: [ '4.0.7' ],
37 silly audit   postcss: [ '8.5.8' ],
37 silly audit   'postcss-import': [ '15.1.0' ],
37 silly audit   'postcss-js': [ '4.1.0' ],
37 silly audit   'postcss-load-config': [ '6.0.1' ],
37 silly audit   'postcss-nested': [ '6.2.0' ],
37 silly audit   'postcss-selector-parser': [ '6.1.2' ],
37 silly audit   'postcss-value-parser': [ '4.2.0' ],
37 silly audit   'pretty-format': [ '27.5.1' ],
37 silly audit   punycode: [ '2.3.1' ],
37 silly audit   'queue-microtask': [ '1.2.3' ],
37 silly audit   react: [ '18.3.1' ],
37 silly audit   'react-dom': [ '18.3.1' ],
37 silly audit   'react-is': [ '17.0.2' ],
37 silly audit   'react-refresh': [ '0.17.0' ],
37 silly audit   'read-cache': [ '1.0.0' ],
37 silly audit   readdirp: [ '3.6.0' ],
37 silly audit   redent: [ '3.0.0' ],
37 silly audit   resolve: [ '1.22.11' ],
37 silly audit   reusify: [ '1.1.0' ],
37 silly audit   rollup: [ '4.60.1' ],
37 silly audit   'run-parallel': [ '1.2.0' ],
37 silly audit   'safer-buffer': [ '2.1.2' ],
37 silly audit   saxes: [ '6.0.0' ],
37 silly audit   scheduler: [ '0.23.2' ],
37 silly audit   semver: [ '6.3.1' ],
37 silly audit   siginfo: [ '2.0.0' ],
37 silly audit   'source-map-js': [ '1.2.1' ],
37 silly audit   stackback: [ '0.0.2' ],
37 silly audit   'std-env': [ '3.10.0' ],
37 silly audit   'strip-indent': [ '3.0.0' ],
37 silly audit   sucrase: [ '3.35.1' ],
37 silly audit   'supports-preserve-symlinks-flag': [ '1.0.0' ],
37 silly audit   'symbol-tree': [ '3.2.4' ],
37 silly audit   tailwindcss: [ '3.4.19' ],
37 silly audit   thenify: [ '3.3.1' ],
37 silly audit   'thenify-all': [ '1.6.0' ],
37 silly audit   tinybench: [ '2.9.0' ],
37 silly audit   tinyexec: [ '0.3.2' ],
37 silly audit   tinyglobby: [ '0.2.15' ],
37 silly audit   fdir: [ '6.5.0' ],
37 silly audit   tinypool: [ '1.1.1' ],
37 silly audit   tinyrainbow: [ '1.2.0' ],
37 silly audit   tinyspy: [ '3.0.2' ],
37 silly audit   tldts: [ '6.1.86' ],
37 silly audit   'tldts-core': [ '6.1.86' ],
37 silly audit   'to-regex-range': [ '5.0.1' ],
37 silly audit   'tough-cookie': [ '5.1.2' ],
37 silly audit   tr46: [ '5.1.1' ],
37 silly audit   'ts-interface-checker': [ '0.1.13' ],
37 silly audit   typescript: [ '5.9.3' ],
37 silly audit   'update-browserslist-db': [ '1.2.3' ],
37 silly audit   'util-deprecate': [ '1.0.2' ],
37 silly audit   vite: [ '6.4.1', '5.4.21' ],
37 silly audit   'vite-node': [ '2.1.9' ],
37 silly audit   vitest: [ '2.1.9' ],
37 silly audit   '@vitest/mocker': [ '2.1.9' ],
37 silly audit   'w3c-xmlserializer': [ '5.0.0' ],
37 silly audit   'webidl-conversions': [ '7.0.0' ],
37 silly audit   'whatwg-encoding': [ '3.1.1' ],
37 silly audit   'whatwg-mimetype': [ '4.0.0' ],
37 silly audit   'whatwg-url': [ '14.2.0' ],
37 silly audit   'why-is-node-running': [ '2.3.0' ],
37 silly audit   ws: [ '8.20.0' ],
37 silly audit   'xml-name-validator': [ '5.0.0' ],
37 silly audit   xmlchars: [ '2.2.0' ],
37 silly audit   yallist: [ '3.1.1' ],
37 silly audit   '@playwright/test': [ '1.59.1' ],
37 silly audit   playwright: [ '1.59.1' ],
37 silly audit   'playwright-core': [ '1.59.1' ]
37 silly audit }
38 verbose reify failed optional dependency /Users/awownysz/repos/personal_projects/ai-sports-travel-planner/frontend/node_modules/@rollup/rollup-win32-x64-msvc
39 silly reify mark deleted [
39 silly reify   '/Users/awownysz/repos/personal_projects/ai-sports-travel-planner/frontend/node_modules/@rollup/rollup-win32-x64-msvc'
39 silly reify ]
40 verbose reify failed optional dependency /Users/awownysz/repos/personal_projects/ai-sports-travel-planner/frontend/node_modules/@rollup/rollup-win32-x64-gnu
41 silly reify mark deleted [
41 silly reify   '/Users/awownysz/repos/personal_projects/ai-sports-travel-planner/frontend/node_modules/@rollup/rollup-win32-x64-gnu'
41 silly reify ]
42 verbose reify failed optional dependency /Users/awownysz/repos/personal_projects/ai-sports-travel-planner/frontend/node_modules/@rollup/rollup-win32-ia32-msvc
43 silly reify mark deleted [
43 silly reify   '/Users/awownysz/repos/personal_projects/ai-sports-travel-planner/frontend/node_modules/@rollup/rollup-win32-ia32-msvc'
43 silly reify ]
44 verbose reify failed optional dependency /Users/awownysz/repos/personal_projects/ai-sports-travel-planner/frontend/node_modules/@rollup/rollup-win32-arm64-msvc
45 silly reify mark deleted [
45 silly reify   '/Users/awownysz/repos/personal_projects/ai-sports-travel-planner/frontend/node_modules/@rollup/rollup-win32-arm64-msvc'
45 silly reify ]
46 verbose reify failed optional dependency /Users/awownysz/repos/personal_projects/ai-sports-travel-planner/frontend/node_modules/@rollup/rollup-openharmony-arm64
47 silly reify mark deleted [
47 silly reify   '/Users/awownysz/repos/personal_projects/ai-sports-travel-planner/frontend/node_modules/@rollup/rollup-openharmony-arm64'
47 silly reify ]
48 verbose reify failed optional dependency /Users/awownysz/repos/personal_projects/ai-sports-travel-planner/frontend/node_modules/@rollup/rollup-openbsd-x64
49 silly reify mark deleted [
49 silly reify   '/Users/awownysz/repos/personal_projects/ai-sports-travel-planner/frontend/node_modules/@rollup/rollup-openbsd-x64'
49 silly reify ]
50 verbose reify failed optional dependency /Users/awownysz/repos/personal_projects/ai-sports-travel-planner/frontend/node_modules/@rollup/rollup-linux-x64-musl
51 silly reify mark deleted [
51 silly reify   '/Users/awownysz/repos/personal_projects/ai-sports-travel-planner/frontend/node_modules/@rollup/rollup-linux-x64-musl'
51 silly reify ]
52 verbose reify failed optional dependency /Users/awownysz/repos/personal_projects/ai-sports-travel-planner/frontend/node_modules/@rollup/rollup-linux-x64-gnu
53 silly reify mark deleted [
53 silly reify   '/Users/awownysz/repos/personal_projects/ai-sports-travel-planner/frontend/node_modules/@rollup/rollup-linux-x64-gnu'
53 silly reify ]
54 verbose reify failed optional dependency /Users/awownysz/repos/personal_projects/ai-sports-travel-planner/frontend/node_modules/@rollup/rollup-linux-s390x-gnu
55 silly reify mark deleted [
55 silly reify   '/Users/awownysz/repos/personal_projects/ai-sports-travel-planner/frontend/node_modules/@rollup/rollup-linux-s390x-gnu'
55 silly reify ]
56 verbose reify failed optional dependency /Users/awownysz/repos/personal_projects/ai-sports-travel-planner/frontend/node_modules/@rollup/rollup-linux-riscv64-musl
57 silly reify mark deleted [
57 silly reify   '/Users/awownysz/repos/personal_projects/ai-sports-travel-planner/frontend/node_modules/@rollup/rollup-linux-riscv64-musl'
57 silly reify ]
58 verbose reify failed optional dependency /Users/awownysz/repos/personal_projects/ai-sports-travel-planner/frontend/node_modules/@rollup/rollup-linux-riscv64-gnu
59 silly reify mark deleted [
59 silly reify   '/Users/awownysz/repos/personal_projects/ai-sports-travel-planner/frontend/node_modules/@rollup/rollup-linux-riscv64-gnu'
59 silly reify ]
60 verbose reify failed optional dependency /Users/awownysz/repos/personal_projects/ai-sports-travel-planner/frontend/node_modules/@rollup/rollup-linux-ppc64-musl
61 silly reify mark deleted [
61 silly reify   '/Users/awownysz/repos/personal_projects/ai-sports-travel-planner/frontend/node_modules/@rollup/rollup-linux-ppc64-musl'
61 silly reify ]
62 verbose reify failed optional dependency /Users/awownysz/repos/personal_projects/ai-sports-travel-planner/frontend/node_modules/@rollup/rollup-linux-ppc64-gnu
63 silly reify mark deleted [
63 silly reify   '/Users/awownysz/repos/personal_projects/ai-sports-travel-planner/frontend/node_modules/@rollup/rollup-linux-ppc64-gnu'
63 silly reify ]
64 verbose reify failed optional dependency /Users/awownysz/repos/personal_projects/ai-sports-travel-planner/frontend/node_modules/@rollup/rollup-linux-loong64-musl
65 silly reify mark deleted [
65 silly reify   '/Users/awownysz/repos/personal_projects/ai-sports-travel-planner/frontend/node_modules/@rollup/rollup-linux-loong64-musl'
65 silly reify ]
66 verbose reify failed optional dependency /Users/awownysz/repos/personal_projects/ai-sports-travel-planner/frontend/node_modules/@rollup/rollup-linux-loong64-gnu
67 silly reify mark deleted [
67 silly reify   '/Users/awownysz/repos/personal_projects/ai-sports-travel-planner/frontend/node_modules/@rollup/rollup-linux-loong64-gnu'
67 silly reify ]
68 verbose reify failed optional dependency /Users/awownysz/repos/personal_projects/ai-sports-travel-planner/frontend/node_modules/@rollup/rollup-linux-arm64-musl
69 silly reify mark deleted [
69 silly reify   '/Users/awownysz/repos/personal_projects/ai-sports-travel-planner/frontend/node_modules/@rollup/rollup-linux-arm64-musl'
69 silly reify ]
70 verbose reify failed optional dependency /Users/awownysz/repos/personal_projects/ai-sports-travel-planner/frontend/node_modules/@rollup/rollup-linux-arm64-gnu
71 silly reify mark deleted [
71 silly reify   '/Users/awownysz/repos/personal_projects/ai-sports-travel-planner/frontend/node_modules/@rollup/rollup-linux-arm64-gnu'
71 silly reify ]
72 verbose reify failed optional dependency /Users/awownysz/repos/personal_projects/ai-sports-travel-planner/frontend/node_modules/@rollup/rollup-linux-arm-musleabihf
73 silly reify mark deleted [
73 silly reify   '/Users/awownysz/repos/personal_projects/ai-sports-travel-planner/frontend/node_modules/@rollup/rollup-linux-arm-musleabihf'
73 silly reify ]
74 verbose reify failed optional dependency /Users/awownysz/repos/personal_projects/ai-sports-travel-planner/frontend/node_modules/@rollup/rollup-linux-arm-gnueabihf
75 silly reify mark deleted [
75 silly reify   '/Users/awownysz/repos/personal_projects/ai-sports-travel-planner/frontend/node_modules/@rollup/rollup-linux-arm-gnueabihf'
75 silly reify ]
76 verbose reify failed optional dependency /Users/awownysz/repos/personal_projects/ai-sports-travel-planner/frontend/node_modules/@rollup/rollup-freebsd-x64
77 silly reify mark deleted [
77 silly reify   '/Users/awownysz/repos/personal_projects/ai-sports-travel-planner/frontend/node_modules/@rollup/rollup-freebsd-x64'
77 silly reify ]
78 verbose reify failed optional dependency /Users/awownysz/repos/personal_projects/ai-sports-travel-planner/frontend/node_modules/@rollup/rollup-freebsd-arm64
79 silly reify mark deleted [
79 silly reify   '/Users/awownysz/repos/personal_projects/ai-sports-travel-planner/frontend/node_modules/@rollup/rollup-freebsd-arm64'
79 silly reify ]
80 verbose reify failed optional dependency /Users/awownysz/repos/personal_projects/ai-sports-travel-planner/frontend/node_modules/@rollup/rollup-darwin-arm64
81 silly reify mark deleted [
81 silly reify   '/Users/awownysz/repos/personal_projects/ai-sports-travel-planner/frontend/node_modules/@rollup/rollup-darwin-arm64'
81 silly reify ]
82 verbose reify failed optional dependency /Users/awownysz/repos/personal_projects/ai-sports-travel-planner/frontend/node_modules/@rollup/rollup-android-arm64
83 silly reify mark deleted [
83 silly reify   '/Users/awownysz/repos/personal_projects/ai-sports-travel-planner/frontend/node_modules/@rollup/rollup-android-arm64'
83 silly reify ]
84 verbose reify failed optional dependency /Users/awownysz/repos/personal_projects/ai-sports-travel-planner/frontend/node_modules/@rollup/rollup-android-arm-eabi
85 silly reify mark deleted [
85 silly reify   '/Users/awownysz/repos/personal_projects/ai-sports-travel-planner/frontend/node_modules/@rollup/rollup-android-arm-eabi'
85 silly reify ]
86 verbose reify failed optional dependency /Users/awownysz/repos/personal_projects/ai-sports-travel-planner/frontend/node_modules/@esbuild/win32-x64
87 silly reify mark deleted [
87 silly reify   '/Users/awownysz/repos/personal_projects/ai-sports-travel-planner/frontend/node_modules/@esbuild/win32-x64'
87 silly reify ]
88 verbose reify failed optional dependency /Users/awownysz/repos/personal_projects/ai-sports-travel-planner/frontend/node_modules/@esbuild/win32-ia32
89 silly reify mark deleted [
89 silly reify   '/Users/awownysz/repos/personal_projects/ai-sports-travel-planner/frontend/node_modules/@esbuild/win32-ia32'
89 silly reify ]
90 verbose reify failed optional dependency /Users/awownysz/repos/personal_projects/ai-sports-travel-planner/frontend/node_modules/@esbuild/win32-arm64
91 silly reify mark deleted [
91 silly reify   '/Users/awownysz/repos/personal_projects/ai-sports-travel-planner/frontend/node_modules/@esbuild/win32-arm64'
91 silly reify ]
92 verbose reify failed optional dependency /Users/awownysz/repos/personal_projects/ai-sports-travel-planner/frontend/node_modules/@esbuild/sunos-x64
93 silly reify mark deleted [
93 silly reify   '/Users/awownysz/repos/personal_projects/ai-sports-travel-planner/frontend/node_modules/@esbuild/sunos-x64'
93 silly reify ]
94 verbose reify failed optional dependency /Users/awownysz/repos/personal_projects/ai-sports-travel-planner/frontend/node_modules/@esbuild/openharmony-arm64
95 silly reify mark deleted [
95 silly reify   '/Users/awownysz/repos/personal_projects/ai-sports-travel-planner/frontend/node_modules/@esbuild/openharmony-arm64'
95 silly reify ]
96 verbose reify failed optional dependency /Users/awownysz/repos/personal_projects/ai-sports-travel-planner/frontend/node_modules/@esbuild/openbsd-x64
97 silly reify mark deleted [
97 silly reify   '/Users/awownysz/repos/personal_projects/ai-sports-travel-planner/frontend/node_modules/@esbuild/openbsd-x64'
97 silly reify ]
98 verbose reify failed optional dependency /Users/awownysz/repos/personal_projects/ai-sports-travel-planner/frontend/node_modules/@esbuild/openbsd-arm64
99 silly reify mark deleted [
99 silly reify   '/Users/awownysz/repos/personal_projects/ai-sports-travel-planner/frontend/node_modules/@esbuild/openbsd-arm64'
99 silly reify ]
100 verbose reify failed optional dependency /Users/awownysz/repos/personal_projects/ai-sports-travel-planner/frontend/node_modules/@esbuild/netbsd-x64
101 silly reify mark deleted [
101 silly reify   '/Users/awownysz/repos/personal_projects/ai-sports-travel-planner/frontend/node_modules/@esbuild/netbsd-x64'
101 silly reify ]
102 verbose reify failed optional dependency /Users/awownysz/repos/personal_projects/ai-sports-travel-planner/frontend/node_modules/@esbuild/netbsd-arm64
103 silly reify mark deleted [
103 silly reify   '/Users/awownysz/repos/personal_projects/ai-sports-travel-planner/frontend/node_modules/@esbuild/netbsd-arm64'
103 silly reify ]
104 verbose reify failed optional dependency /Users/awownysz/repos/personal_projects/ai-sports-travel-planner/frontend/node_modules/@esbuild/linux-x64
105 silly reify mark deleted [
105 silly reify   '/Users/awownysz/repos/personal_projects/ai-sports-travel-planner/frontend/node_modules/@esbuild/linux-x64'
105 silly reify ]
106 verbose reify failed optional dependency /Users/awownysz/repos/personal_projects/ai-sports-travel-planner/frontend/node_modules/@esbuild/linux-s390x
107 silly reify mark deleted [
107 silly reify   '/Users/awownysz/repos/personal_projects/ai-sports-travel-planner/frontend/node_modules/@esbuild/linux-s390x'
107 silly reify ]
108 verbose reify failed optional dependency /Users/awownysz/repos/personal_projects/ai-sports-travel-planner/frontend/node_modules/@esbuild/linux-riscv64
109 silly reify mark deleted [
109 silly reify   '/Users/awownysz/repos/personal_projects/ai-sports-travel-planner/frontend/node_modules/@esbuild/linux-riscv64'
109 silly reify ]
110 verbose reify failed optional dependency /Users/awownysz/repos/personal_projects/ai-sports-travel-planner/frontend/node_modules/@esbuild/linux-ppc64
111 silly reify mark deleted [
111 silly reify   '/Users/awownysz/repos/personal_projects/ai-sports-travel-planner/frontend/node_modules/@esbuild/linux-ppc64'
111 silly reify ]
112 verbose reify failed optional dependency /Users/awownysz/repos/personal_projects/ai-sports-travel-planner/frontend/node_modules/@esbuild/linux-mips64el
113 silly reify mark deleted [
113 silly reify   '/Users/awownysz/repos/personal_projects/ai-sports-travel-planner/frontend/node_modules/@esbuild/linux-mips64el'
113 silly reify ]
114 verbose reify failed optional dependency /Users/awownysz/repos/personal_projects/ai-sports-travel-planner/frontend/node_modules/@esbuild/linux-loong64
115 silly reify mark deleted [
115 silly reify   '/Users/awownysz/repos/personal_projects/ai-sports-travel-planner/frontend/node_modules/@esbuild/linux-loong64'
115 silly reify ]
116 verbose reify failed optional dependency /Users/awownysz/repos/personal_projects/ai-sports-travel-planner/frontend/node_modules/@esbuild/linux-ia32
117 silly reify mark deleted [
117 silly reify   '/Users/awownysz/repos/personal_projects/ai-sports-travel-planner/frontend/node_modules/@esbuild/linux-ia32'
117 silly reify ]
118 verbose reify failed optional dependency /Users/awownysz/repos/personal_projects/ai-sports-travel-planner/frontend/node_modules/@esbuild/linux-arm64
119 silly reify mark deleted [
119 silly reify   '/Users/awownysz/repos/personal_projects/ai-sports-travel-planner/frontend/node_modules/@esbuild/linux-arm64'
119 silly reify ]
120 verbose reify failed optional dependency /Users/awownysz/repos/personal_projects/ai-sports-travel-planner/frontend/node_modules/@esbuild/linux-arm
121 silly reify mark deleted [
121 silly reify   '/Users/awownysz/repos/personal_projects/ai-sports-travel-planner/frontend/node_modules/@esbuild/linux-arm'
121 silly reify ]
122 verbose reify failed optional dependency /Users/awownysz/repos/personal_projects/ai-sports-travel-planner/frontend/node_modules/@esbuild/freebsd-x64
123 silly reify mark deleted [
123 silly reify   '/Users/awownysz/repos/personal_projects/ai-sports-travel-planner/frontend/node_modules/@esbuild/freebsd-x64'
123 silly reify ]
124 verbose reify failed optional dependency /Users/awownysz/repos/personal_projects/ai-sports-travel-planner/frontend/node_modules/@esbuild/freebsd-arm64
125 silly reify mark deleted [
125 silly reify   '/Users/awownysz/repos/personal_projects/ai-sports-travel-planner/frontend/node_modules/@esbuild/freebsd-arm64'
125 silly reify ]
126 verbose reify failed optional dependency /Users/awownysz/repos/personal_projects/ai-sports-travel-planner/frontend/node_modules/@esbuild/darwin-arm64
127 silly reify mark deleted [
127 silly reify   '/Users/awownysz/repos/personal_projects/ai-sports-travel-planner/frontend/node_modules/@esbuild/darwin-arm64'
127 silly reify ]
128 verbose reify failed optional dependency /Users/awownysz/repos/personal_projects/ai-sports-travel-planner/frontend/node_modules/@esbuild/android-x64
129 silly reify mark deleted [
129 silly reify   '/Users/awownysz/repos/personal_projects/ai-sports-travel-planner/frontend/node_modules/@esbuild/android-x64'
129 silly reify ]
130 verbose reify failed optional dependency /Users/awownysz/repos/personal_projects/ai-sports-travel-planner/frontend/node_modules/@esbuild/android-arm64
131 silly reify mark deleted [
131 silly reify   '/Users/awownysz/repos/personal_projects/ai-sports-travel-planner/frontend/node_modules/@esbuild/android-arm64'
131 silly reify ]
132 verbose reify failed optional dependency /Users/awownysz/repos/personal_projects/ai-sports-travel-planner/frontend/node_modules/@esbuild/android-arm
133 silly reify mark deleted [
133 silly reify   '/Users/awownysz/repos/personal_projects/ai-sports-travel-planner/frontend/node_modules/@esbuild/android-arm'
133 silly reify ]
134 verbose reify failed optional dependency /Users/awownysz/repos/personal_projects/ai-sports-travel-planner/frontend/node_modules/@esbuild/aix-ppc64
135 silly reify mark deleted [
135 silly reify   '/Users/awownysz/repos/personal_projects/ai-sports-travel-planner/frontend/node_modules/@esbuild/aix-ppc64'
135 silly reify ]
136 verbose reify failed optional dependency /Users/awownysz/repos/personal_projects/ai-sports-travel-planner/frontend/node_modules/vitest/node_modules/@esbuild/win32-x64
137 silly reify mark deleted [
137 silly reify   '/Users/awownysz/repos/personal_projects/ai-sports-travel-planner/frontend/node_modules/vitest/node_modules/@esbuild/win32-x64'
137 silly reify ]
138 verbose reify failed optional dependency /Users/awownysz/repos/personal_projects/ai-sports-travel-planner/frontend/node_modules/vitest/node_modules/@esbuild/win32-ia32
139 silly reify mark deleted [
139 silly reify   '/Users/awownysz/repos/personal_projects/ai-sports-travel-planner/frontend/node_modules/vitest/node_modules/@esbuild/win32-ia32'
139 silly reify ]
140 verbose reify failed optional dependency /Users/awownysz/repos/personal_projects/ai-sports-travel-planner/frontend/node_modules/vitest/node_modules/@esbuild/win32-arm64
141 silly reify mark deleted [
141 silly reify   '/Users/awownysz/repos/personal_projects/ai-sports-travel-planner/frontend/node_modules/vitest/node_modules/@esbuild/win32-arm64'
141 silly reify ]
142 verbose reify failed optional dependency /Users/awownysz/repos/personal_projects/ai-sports-travel-planner/frontend/node_modules/vitest/node_modules/@esbuild/sunos-x64
143 silly reify mark deleted [
143 silly reify   '/Users/awownysz/repos/personal_projects/ai-sports-travel-planner/frontend/node_modules/vitest/node_modules/@esbuild/sunos-x64'
143 silly reify ]
144 verbose reify failed optional dependency /Users/awownysz/repos/personal_projects/ai-sports-travel-planner/frontend/node_modules/vitest/node_modules/@esbuild/openbsd-x64
145 silly reify mark deleted [
145 silly reify   '/Users/awownysz/repos/personal_projects/ai-sports-travel-planner/frontend/node_modules/vitest/node_modules/@esbuild/openbsd-x64'
145 silly reify ]
146 verbose reify failed optional dependency /Users/awownysz/repos/personal_projects/ai-sports-travel-planner/frontend/node_modules/vitest/node_modules/@esbuild/netbsd-x64
147 silly reify mark deleted [
147 silly reify   '/Users/awownysz/repos/personal_projects/ai-sports-travel-planner/frontend/node_modules/vitest/node_modules/@esbuild/netbsd-x64'
147 silly reify ]
148 verbose reify failed optional dependency /Users/awownysz/repos/personal_projects/ai-sports-travel-planner/frontend/node_modules/vitest/node_modules/@esbuild/linux-x64
149 silly reify mark deleted [
149 silly reify   '/Users/awownysz/repos/personal_projects/ai-sports-travel-planner/frontend/node_modules/vitest/node_modules/@esbuild/linux-x64'
149 silly reify ]
150 verbose reify failed optional dependency /Users/awownysz/repos/personal_projects/ai-sports-travel-planner/frontend/node_modules/vitest/node_modules/@esbuild/linux-s390x
151 silly reify mark deleted [
151 silly reify   '/Users/awownysz/repos/personal_projects/ai-sports-travel-planner/frontend/node_modules/vitest/node_modules/@esbuild/linux-s390x'
151 silly reify ]
152 verbose reify failed optional dependency /Users/awownysz/repos/personal_projects/ai-sports-travel-planner/frontend/node_modules/vitest/node_modules/@esbuild/linux-riscv64
153 silly reify mark deleted [
153 silly reify   '/Users/awownysz/repos/personal_projects/ai-sports-travel-planner/frontend/node_modules/vitest/node_modules/@esbuild/linux-riscv64'
153 silly reify ]
154 verbose reify failed optional dependency /Users/awownysz/repos/personal_projects/ai-sports-travel-planner/frontend/node_modules/vitest/node_modules/@esbuild/linux-ppc64
155 silly reify mark deleted [
155 silly reify   '/Users/awownysz/repos/personal_projects/ai-sports-travel-planner/frontend/node_modules/vitest/node_modules/@esbuild/linux-ppc64'
155 silly reify ]
156 verbose reify failed optional dependency /Users/awownysz/repos/personal_projects/ai-sports-travel-planner/frontend/node_modules/vitest/node_modules/@esbuild/linux-mips64el
157 silly reify mark deleted [
157 silly reify   '/Users/awownysz/repos/personal_projects/ai-sports-travel-planner/frontend/node_modules/vitest/node_modules/@esbuild/linux-mips64el'
157 silly reify ]
158 verbose reify failed optional dependency /Users/awownysz/repos/personal_projects/ai-sports-travel-planner/frontend/node_modules/vitest/node_modules/@esbuild/linux-loong64
159 silly reify mark deleted [
159 silly reify   '/Users/awownysz/repos/personal_projects/ai-sports-travel-planner/frontend/node_modules/vitest/node_modules/@esbuild/linux-loong64'
159 silly reify ]
160 verbose reify failed optional dependency /Users/awownysz/repos/personal_projects/ai-sports-travel-planner/frontend/node_modules/vitest/node_modules/@esbuild/linux-ia32
161 silly reify mark deleted [
161 silly reify   '/Users/awownysz/repos/personal_projects/ai-sports-travel-planner/frontend/node_modules/vitest/node_modules/@esbuild/linux-ia32'
161 silly reify ]
162 verbose reify failed optional dependency /Users/awownysz/repos/personal_projects/ai-sports-travel-planner/frontend/node_modules/vitest/node_modules/@esbuild/linux-arm64
163 silly reify mark deleted [
163 silly reify   '/Users/awownysz/repos/personal_projects/ai-sports-travel-planner/frontend/node_modules/vitest/node_modules/@esbuild/linux-arm64'
163 silly reify ]
164 verbose reify failed optional dependency /Users/awownysz/repos/personal_projects/ai-sports-travel-planner/frontend/node_modules/vitest/node_modules/@esbuild/linux-arm
165 silly reify mark deleted [
165 silly reify   '/Users/awownysz/repos/personal_projects/ai-sports-travel-planner/frontend/node_modules/vitest/node_modules/@esbuild/linux-arm'
165 silly reify ]
166 verbose reify failed optional dependency /Users/awownysz/repos/personal_projects/ai-sports-travel-planner/frontend/node_modules/vitest/node_modules/@esbuild/freebsd-x64
167 silly reify mark deleted [
167 silly reify   '/Users/awownysz/repos/personal_projects/ai-sports-travel-planner/frontend/node_modules/vitest/node_modules/@esbuild/freebsd-x64'
167 silly reify ]
168 verbose reify failed optional dependency /Users/awownysz/repos/personal_projects/ai-sports-travel-planner/frontend/node_modules/vitest/node_modules/@esbuild/freebsd-arm64
169 silly reify mark deleted [
169 silly reify   '/Users/awownysz/repos/personal_projects/ai-sports-travel-planner/frontend/node_modules/vitest/node_modules/@esbuild/freebsd-arm64'
169 silly reify ]
170 verbose reify failed optional dependency /Users/awownysz/repos/personal_projects/ai-sports-travel-planner/frontend/node_modules/vitest/node_modules/@esbuild/darwin-arm64
171 silly reify mark deleted [
171 silly reify   '/Users/awownysz/repos/personal_projects/ai-sports-travel-planner/frontend/node_modules/vitest/node_modules/@esbuild/darwin-arm64'
171 silly reify ]
172 verbose reify failed optional dependency /Users/awownysz/repos/personal_projects/ai-sports-travel-planner/frontend/node_modules/vitest/node_modules/@esbuild/android-x64
173 silly reify mark deleted [
173 silly reify   '/Users/awownysz/repos/personal_projects/ai-sports-travel-planner/frontend/node_modules/vitest/node_modules/@esbuild/android-x64'
173 silly reify ]
174 verbose reify failed optional dependency /Users/awownysz/repos/personal_projects/ai-sports-travel-planner/frontend/node_modules/vitest/node_modules/@esbuild/android-arm64
175 silly reify mark deleted [
175 silly reify   '/Users/awownysz/repos/personal_projects/ai-sports-travel-planner/frontend/node_modules/vitest/node_modules/@esbuild/android-arm64'
175 silly reify ]
176 verbose reify failed optional dependency /Users/awownysz/repos/personal_projects/ai-sports-travel-planner/frontend/node_modules/vitest/node_modules/@esbuild/android-arm
177 silly reify mark deleted [
177 silly reify   '/Users/awownysz/repos/personal_projects/ai-sports-travel-planner/frontend/node_modules/vitest/node_modules/@esbuild/android-arm'
177 silly reify ]
178 verbose reify failed optional dependency /Users/awownysz/repos/personal_projects/ai-sports-travel-planner/frontend/node_modules/vitest/node_modules/@esbuild/aix-ppc64
179 silly reify mark deleted [
179 silly reify   '/Users/awownysz/repos/personal_projects/ai-sports-travel-planner/frontend/node_modules/vitest/node_modules/@esbuild/aix-ppc64'
179 silly reify ]
180 verbose reify failed optional dependency /Users/awownysz/repos/personal_projects/ai-sports-travel-planner/frontend/node_modules/vite-node/node_modules/@esbuild/win32-x64
181 silly reify mark deleted [
181 silly reify   '/Users/awownysz/repos/personal_projects/ai-sports-travel-planner/frontend/node_modules/vite-node/node_modules/@esbuild/win32-x64'
181 silly reify ]
182 verbose reify failed optional dependency /Users/awownysz/repos/personal_projects/ai-sports-travel-planner/frontend/node_modules/vite-node/node_modules/@esbuild/win32-ia32
183 silly reify mark deleted [
183 silly reify   '/Users/awownysz/repos/personal_projects/ai-sports-travel-planner/frontend/node_modules/vite-node/node_modules/@esbuild/win32-ia32'
183 silly reify ]
184 verbose reify failed optional dependency /Users/awownysz/repos/personal_projects/ai-sports-travel-planner/frontend/node_modules/vite-node/node_modules/@esbuild/win32-arm64
185 silly reify mark deleted [
185 silly reify   '/Users/awownysz/repos/personal_projects/ai-sports-travel-planner/frontend/node_modules/vite-node/node_modules/@esbuild/win32-arm64'
185 silly reify ]
186 verbose reify failed optional dependency /Users/awownysz/repos/personal_projects/ai-sports-travel-planner/frontend/node_modules/vite-node/node_modules/@esbuild/sunos-x64
187 silly reify mark deleted [
187 silly reify   '/Users/awownysz/repos/personal_projects/ai-sports-travel-planner/frontend/node_modules/vite-node/node_modules/@esbuild/sunos-x64'
187 silly reify ]
188 verbose reify failed optional dependency /Users/awownysz/repos/personal_projects/ai-sports-travel-planner/frontend/node_modules/vite-node/node_modules/@esbuild/openbsd-x64
189 silly reify mark deleted [
189 silly reify   '/Users/awownysz/repos/personal_projects/ai-sports-travel-planner/frontend/node_modules/vite-node/node_modules/@esbuild/openbsd-x64'
189 silly reify ]
190 verbose reify failed optional dependency /Users/awownysz/repos/personal_projects/ai-sports-travel-planner/frontend/node_modules/vite-node/node_modules/@esbuild/netbsd-x64
191 silly reify mark deleted [
191 silly reify   '/Users/awownysz/repos/personal_projects/ai-sports-travel-planner/frontend/node_modules/vite-node/node_modules/@esbuild/netbsd-x64'
191 silly reify ]
192 verbose reify failed optional dependency /Users/awownysz/repos/personal_projects/ai-sports-travel-planner/frontend/node_modules/vite-node/node_modules/@esbuild/linux-x64
193 silly reify mark deleted [
193 silly reify   '/Users/awownysz/repos/personal_projects/ai-sports-travel-planner/frontend/node_modules/vite-node/node_modules/@esbuild/linux-x64'
193 silly reify ]
194 verbose reify failed optional dependency /Users/awownysz/repos/personal_projects/ai-sports-travel-planner/frontend/node_modules/vite-node/node_modules/@esbuild/linux-s390x
195 silly reify mark deleted [
195 silly reify   '/Users/awownysz/repos/personal_projects/ai-sports-travel-planner/frontend/node_modules/vite-node/node_modules/@esbuild/linux-s390x'
195 silly reify ]
196 verbose reify failed optional dependency /Users/awownysz/repos/personal_projects/ai-sports-travel-planner/frontend/node_modules/vite-node/node_modules/@esbuild/linux-riscv64
197 silly reify mark deleted [
197 silly reify   '/Users/awownysz/repos/personal_projects/ai-sports-travel-planner/frontend/node_modules/vite-node/node_modules/@esbuild/linux-riscv64'
197 silly reify ]
198 verbose reify failed optional dependency /Users/awownysz/repos/personal_projects/ai-sports-travel-planner/frontend/node_modules/vite-node/node_modules/@esbuild/linux-ppc64
199 silly reify mark deleted [
199 silly reify   '/Users/awownysz/repos/personal_projects/ai-sports-travel-planner/frontend/node_modules/vite-node/node_modules/@esbuild/linux-ppc64'
199 silly reify ]
200 verbose reify failed optional dependency /Users/awownysz/repos/personal_projects/ai-sports-travel-planner/frontend/node_modules/vite-node/node_modules/@esbuild/linux-mips64el
201 silly reify mark deleted [
201 silly reify   '/Users/awownysz/repos/personal_projects/ai-sports-travel-planner/frontend/node_modules/vite-node/node_modules/@esbuild/linux-mips64el'
201 silly reify ]
202 verbose reify failed optional dependency /Users/awownysz/repos/personal_projects/ai-sports-travel-planner/frontend/node_modules/vite-node/node_modules/@esbuild/linux-loong64
203 silly reify mark deleted [
203 silly reify   '/Users/awownysz/repos/personal_projects/ai-sports-travel-planner/frontend/node_modules/vite-node/node_modules/@esbuild/linux-loong64'
203 silly reify ]
204 verbose reify failed optional dependency /Users/awownysz/repos/personal_projects/ai-sports-travel-planner/frontend/node_modules/vite-node/node_modules/@esbuild/linux-ia32
205 silly reify mark deleted [
205 silly reify   '/Users/awownysz/repos/personal_projects/ai-sports-travel-planner/frontend/node_modules/vite-node/node_modules/@esbuild/linux-ia32'
205 silly reify ]
206 verbose reify failed optional dependency /Users/awownysz/repos/personal_projects/ai-sports-travel-planner/frontend/node_modules/vite-node/node_modules/@esbuild/linux-arm64
207 silly reify mark deleted [
207 silly reify   '/Users/awownysz/repos/personal_projects/ai-sports-travel-planner/frontend/node_modules/vite-node/node_modules/@esbuild/linux-arm64'
207 silly reify ]
208 verbose reify failed optional dependency /Users/awownysz/repos/personal_projects/ai-sports-travel-planner/frontend/node_modules/vite-node/node_modules/@esbuild/linux-arm
209 silly reify mark deleted [
209 silly reify   '/Users/awownysz/repos/personal_projects/ai-sports-travel-planner/frontend/node_modules/vite-node/node_modules/@esbuild/linux-arm'
209 silly reify ]
210 verbose reify failed optional dependency /Users/awownysz/repos/personal_projects/ai-sports-travel-planner/frontend/node_modules/vite-node/node_modules/@esbuild/freebsd-x64
211 silly reify mark deleted [
211 silly reify   '/Users/awownysz/repos/personal_projects/ai-sports-travel-planner/frontend/node_modules/vite-node/node_modules/@esbuild/freebsd-x64'
211 silly reify ]
212 verbose reify failed optional dependency /Users/awownysz/repos/personal_projects/ai-sports-travel-planner/frontend/node_modules/vite-node/node_modules/@esbuild/freebsd-arm64
213 silly reify mark deleted [
213 silly reify   '/Users/awownysz/repos/personal_projects/ai-sports-travel-planner/frontend/node_modules/vite-node/node_modules/@esbuild/freebsd-arm64'
213 silly reify ]
214 verbose reify failed optional dependency /Users/awownysz/repos/personal_projects/ai-sports-travel-planner/frontend/node_modules/vite-node/node_modules/@esbuild/darwin-arm64
215 silly reify mark deleted [
215 silly reify   '/Users/awownysz/repos/personal_projects/ai-sports-travel-planner/frontend/node_modules/vite-node/node_modules/@esbuild/darwin-arm64'
215 silly reify ]
216 verbose reify failed optional dependency /Users/awownysz/repos/personal_projects/ai-sports-travel-planner/frontend/node_modules/vite-node/node_modules/@esbuild/android-x64
217 silly reify mark deleted [
217 silly reify   '/Users/awownysz/repos/personal_projects/ai-sports-travel-planner/frontend/node_modules/vite-node/node_modules/@esbuild/android-x64'
217 silly reify ]
218 verbose reify failed optional dependency /Users/awownysz/repos/personal_projects/ai-sports-travel-planner/frontend/node_modules/vite-node/node_modules/@esbuild/android-arm64
219 silly reify mark deleted [
219 silly reify   '/Users/awownysz/repos/personal_projects/ai-sports-travel-planner/frontend/node_modules/vite-node/node_modules/@esbuild/android-arm64'
219 silly reify ]
220 verbose reify failed optional dependency /Users/awownysz/repos/personal_projects/ai-sports-travel-planner/frontend/node_modules/vite-node/node_modules/@esbuild/android-arm
221 silly reify mark deleted [
221 silly reify   '/Users/awownysz/repos/personal_projects/ai-sports-travel-planner/frontend/node_modules/vite-node/node_modules/@esbuild/android-arm'
221 silly reify ]
222 verbose reify failed optional dependency /Users/awownysz/repos/personal_projects/ai-sports-travel-planner/frontend/node_modules/vite-node/node_modules/@esbuild/aix-ppc64
223 silly reify mark deleted [
223 silly reify   '/Users/awownysz/repos/personal_projects/ai-sports-travel-planner/frontend/node_modules/vite-node/node_modules/@esbuild/aix-ppc64'
223 silly reify ]
224 silly tarball no local data for playwright-core@https://registry.npmjs.org/playwright-core/-/playwright-core-1.59.1.tgz. Extracting by manifest.
225 silly tarball no local data for @playwright/test@https://registry.npmjs.org/@playwright/test/-/test-1.59.1.tgz. Extracting by manifest.
226 silly tarball no local data for playwright@https://registry.npmjs.org/playwright/-/playwright-1.59.1.tgz. Extracting by manifest.
227 silly tarball no local data for fsevents@https://registry.npmjs.org/fsevents/-/fsevents-2.3.3.tgz. Extracting by manifest.
228 silly tarball no local data for fsevents@https://registry.npmjs.org/fsevents/-/fsevents-2.3.2.tgz. Extracting by manifest.
229 http fetch GET 200 https://registry.npmjs.org/@playwright/test/-/test-1.59.1.tgz 234ms (cache miss)
230 http fetch GET 200 https://registry.npmjs.org/fsevents/-/fsevents-2.3.2.tgz 255ms (cache miss)
231 http fetch GET 200 https://registry.npmjs.org/fsevents/-/fsevents-2.3.3.tgz 256ms (cache miss)
232 http fetch POST 200 https://registry.npmjs.org/-/npm/v1/security/advisories/bulk 297ms
233 silly audit report {
233 silly audit report   esbuild: [
233 silly audit report     {
233 silly audit report       id: 1102341,
233 silly audit report       url: 'https://github.com/advisories/GHSA-67mh-4wv8-2f99',
233 silly audit report       title: 'esbuild enables any website to send any requests to the development server and read the response',
233 silly audit report       severity: 'moderate',
233 silly audit report       vulnerable_versions: '<=0.24.2',
233 silly audit report       cwe: [Array],
233 silly audit report       cvss: [Object]
233 silly audit report     }
233 silly audit report   ],
233 silly audit report   vite: [
233 silly audit report     {
233 silly audit report       id: 1116229,
233 silly audit report       url: 'https://github.com/advisories/GHSA-4w7w-66w2-5vf9',
233 silly audit report       title: 'Vite Vulnerable to Path Traversal in Optimized Deps `.map` Handling',
233 silly audit report       severity: 'moderate',
233 silly audit report       vulnerable_versions: '<=6.4.1',
233 silly audit report       cwe: [Array],
233 silly audit report       cvss: [Object]
233 silly audit report     },
233 silly audit report     {
233 silly audit report       id: 1116234,
233 silly audit report       url: 'https://github.com/advisories/GHSA-p9ff-h696-f583',
233 silly audit report       title: 'Vite Vulnerable to Arbitrary File Read via Vite Dev Server WebSocket',
233 silly audit report       severity: 'high',
233 silly audit report       vulnerable_versions: '>=6.0.0 <=6.4.1',
233 silly audit report       cwe: [Array],
233 silly audit report       cvss: [Object]
233 silly audit report     }
233 silly audit report   ]
233 silly audit report }
234 silly packumentCache corgi:https://registry.npmjs.org/esbuild cache-miss
235 silly packumentCache corgi:https://registry.npmjs.org/vite cache-miss
236 http fetch GET 200 https://registry.npmjs.org/playwright-core/-/playwright-core-1.59.1.tgz 317ms (cache miss)
237 http fetch GET 200 https://registry.npmjs.org/esbuild 123ms (cache miss)
238 silly packumentCache corgi:https://registry.npmjs.org/esbuild set size:undefined disposed:false
239 http fetch GET 200 https://registry.npmjs.org/vite 154ms (cache miss)
240 silly packumentCache corgi:https://registry.npmjs.org/vite set size:undefined disposed:false
241 silly packumentCache corgi:https://registry.npmjs.org/@vitejs%2fplugin-react cache-miss
242 silly packumentCache corgi:https://registry.npmjs.org/vite-node cache-miss
243 silly packumentCache corgi:https://registry.npmjs.org/vitest cache-miss
244 silly packumentCache corgi:https://registry.npmjs.org/@vitest%2fmocker cache-miss
245 http fetch GET 200 https://registry.npmjs.org/playwright/-/playwright-1.59.1.tgz 542ms (cache miss)
246 info run fsevents@2.3.2 install node_modules/playwright/node_modules/fsevents node-gyp rebuild
247 http fetch GET 200 https://registry.npmjs.org/vite-node 59ms (cache miss)
248 silly packumentCache corgi:https://registry.npmjs.org/vite-node set size:undefined disposed:false
249 http fetch GET 200 https://registry.npmjs.org/@vitest%2fmocker 115ms (cache miss)
250 silly packumentCache corgi:https://registry.npmjs.org/@vitest%2fmocker set size:undefined disposed:false
251 http fetch GET 200 https://registry.npmjs.org/@vitejs%2fplugin-react 127ms (cache miss)
252 silly packumentCache corgi:https://registry.npmjs.org/@vitejs%2fplugin-react set size:undefined disposed:false
253 http fetch GET 200 https://registry.npmjs.org/vitest 152ms (cache miss)
254 silly packumentCache corgi:https://registry.npmjs.org/vitest set size:undefined disposed:false
255 info run fsevents@2.3.2 install { code: 1, signal: null }
256 verbose reify failed optional dependency /Users/awownysz/repos/personal_projects/ai-sports-travel-planner/frontend/node_modules/playwright/node_modules/fsevents
257 silly reify mark deleted [
257 silly reify   '/Users/awownysz/repos/personal_projects/ai-sports-travel-planner/frontend/node_modules/playwright/node_modules/fsevents'
257 silly reify ]
258 silly ADD node_modules/playwright-core
259 silly ADD node_modules/playwright
260 silly ADD
261 silly ADD node_modules/@playwright/test
262 silly ADD node_modules/fsevents
263 silly ADD
264 silly ADD
265 silly ADD
266 silly ADD
267 silly ADD
268 silly ADD
269 silly ADD
270 silly ADD
271 silly ADD
272 silly ADD
273 silly ADD
274 silly ADD
275 silly ADD
276 silly ADD
277 silly ADD
278 silly ADD
279 silly ADD
280 silly ADD
281 silly ADD
282 silly ADD
283 silly ADD
284 silly ADD
285 silly ADD
286 silly ADD
287 silly ADD
288 silly ADD
289 silly ADD
290 silly ADD
291 silly ADD
292 silly ADD
293 silly ADD
294 silly ADD
295 silly ADD
296 silly ADD
297 silly ADD
298 silly ADD
299 silly ADD
300 silly ADD
301 silly ADD
302 silly ADD
303 silly ADD
304 silly ADD
305 silly ADD
306 silly ADD
307 silly ADD
308 silly ADD
309 silly ADD
310 silly ADD
311 silly ADD
312 silly ADD
313 silly ADD
314 silly ADD
315 silly ADD
316 silly ADD
317 silly ADD
318 silly ADD
319 silly ADD
320 silly ADD
321 silly ADD
322 silly ADD
323 silly ADD
324 silly ADD
325 silly ADD
326 silly ADD
327 silly ADD
328 silly ADD
329 silly ADD
330 silly ADD
331 silly ADD
332 silly ADD
333 silly ADD
334 silly ADD
335 silly ADD
336 silly ADD
337 silly ADD
338 silly ADD
339 silly ADD
340 silly ADD
341 silly ADD
342 silly ADD
343 silly ADD
344 silly ADD
345 silly ADD
346 silly ADD
347 silly ADD
348 silly ADD
349 silly ADD
350 silly ADD
351 silly ADD
352 silly ADD
353 silly ADD
354 silly ADD
355 silly ADD
356 verbose cwd /Users/awownysz/repos/personal_projects/ai-sports-travel-planner/frontend
357 verbose os Darwin 25.4.0
358 verbose node v22.12.0
359 verbose npm  v10.9.0
360 notice
360 notice New major version of npm available! 10.9.0 -> 11.12.1
360 notice Changelog: https://github.com/npm/cli/releases/tag/v11.12.1
360 notice To update run: npm install -g npm@11.12.1
360 notice  { force: true, [Symbol(proc-log.meta)]: true }
361 verbose exit 0
362 info ok
